2025-03-15 13:39:32.479  INFO 28092 --- [exam-system] [main] com.smileshark.ExamSystemApplication     : Starting ExamSystemApplication using Java 22.0.2 with PID 28092 (E:\schoolProject\exam-system\target\classes started by SmileShark in E:\schoolProject\exam-system)
2025-03-15 13:39:32.485  INFO 28092 --- [exam-system] [main] com.smileshark.ExamSystemApplication     : No active profile set, falling back to 1 default profile: "default"
2025-03-15 13:39:33.004  INFO 28092 --- [exam-system] [main] .s.d.r.c.RepositoryConfigurationDelegate : Bootstrapping Spring Data JDBC repositories in DEFAULT mode.
2025-03-15 13:39:33.022  INFO 28092 --- [exam-system] [main] .s.d.r.c.RepositoryConfigurationDelegate : Finished Spring Data repository scanning in 14 ms. Found 0 JDBC repository interfaces.
2025-03-15 13:39:33.518  INFO 28092 --- [exam-system] [main] o.s.b.w.embedded.tomcat.TomcatWebServer  : Tomcat initialized with port 8080 (http)
2025-03-15 13:39:33.520  INFO 28092 --- [exam-system] [main] o.a.catalina.core.AprLifecycleListener   : An older version [1.3.1] of the Apache Tomcat Native library is installed, while Tomcat recommends a minimum version of [2.0.5]
2025-03-15 13:39:33.521  INFO 28092 --- [exam-system] [main] o.a.catalina.core.AprLifecycleListener   : Loaded Apache Tomcat Native library [1.3.1] using APR version [1.7.4].
2025-03-15 13:39:33.534  INFO 28092 --- [exam-system] [main] o.a.catalina.core.AprLifecycleListener   : OpenSSL successfully initialized [OpenSSL 3.0.14 4 Jun 2024]
2025-03-15 13:39:33.541  INFO 28092 --- [exam-system] [main] o.apache.catalina.core.StandardService   : Starting service [Tomcat]
2025-03-15 13:39:33.541  INFO 28092 --- [exam-system] [main] o.apache.catalina.core.StandardEngine    : Starting Servlet engine: [Apache Tomcat/10.1.36]
2025-03-15 13:39:33.580  INFO 28092 --- [exam-system] [main] o.a.c.c.C.[Tomcat].[localhost].[/]       : Initializing Spring embedded WebApplicationContext
2025-03-15 13:39:33.580  INFO 28092 --- [exam-system] [main] w.s.c.ServletWebServerApplicationContext : Root WebApplicationContext: initialization completed in 1056 ms
2025-03-15 13:39:34.374  INFO 28092 --- [exam-system] [main] com.zaxxer.hikari.HikariDataSource       : HikariPool-1 - Starting...
2025-03-15 13:39:34.485  INFO 28092 --- [exam-system] [main] com.zaxxer.hikari.pool.HikariPool        : HikariPool-1 - Added connection com.mysql.cj.jdbc.ConnectionImpl@b70fa38
2025-03-15 13:39:34.491  INFO 28092 --- [exam-system] [main] com.zaxxer.hikari.HikariDataSource       : HikariPool-1 - Start completed.
2025-03-15 13:39:34.648  INFO 28092 --- [exam-system] [main] o.s.b.w.embedded.tomcat.TomcatWebServer  : Tomcat started on port 8080 (http) with context path '/'
2025-03-15 13:39:34.653  INFO 28092 --- [exam-system] [main] com.smileshark.ExamSystemApplication     : Started ExamSystemApplication in 2.505 seconds (process running for 2.955)
2025-03-15 13:39:39.369  INFO 28092 --- [exam-system] [http-nio-8080-exec-2] o.a.c.c.C.[Tomcat].[localhost].[/]       : Initializing Spring DispatcherServlet 'dispatcherServlet'
2025-03-15 13:39:39.369  INFO 28092 --- [exam-system] [http-nio-8080-exec-2] o.s.web.servlet.DispatcherServlet        : Initializing Servlet 'dispatcherServlet'
2025-03-15 13:39:39.370  INFO 28092 --- [exam-system] [http-nio-8080-exec-2] o.s.web.servlet.DispatcherServlet        : Completed initialization in 1 ms
2025-03-15 13:39:39.376  INFO 28092 --- [exam-system] [http-nio-8080-exec-2] com.smileshark.filter.ControllerFilter   : 请求的url为：http://localhost:8080/student/count/allocationExamPaperCountByStudentIdAndState
2025-03-15 13:39:39.376  INFO 28092 --- [exam-system] [http-nio-8080-exec-1] com.smileshark.filter.ControllerFilter   : 请求的url为：http://localhost:8080/student/count/allocationExamPaperCountByStudentIdAndState
2025-03-15 13:39:39.453  INFO 28092 --- [exam-system] [http-nio-8080-exec-4] com.smileshark.filter.ControllerFilter   : 请求的url为：http://localhost:8080/student/answerRecordCountByStudentId
2025-03-15 13:39:39.561  INFO 28092 --- [exam-system] [pool-4-thread-1] com.smileshark.asp.ServiceAsp            : 完整试卷状态执行完毕。
2025-03-15 13:39:39.615  INFO 28092 --- [exam-system] [http-nio-8080-exec-1] com.smileshark.asp.ServiceAsp            : 返回数据：{"code":200,"data":0,"success":true}
2025-03-15 13:39:39.615  INFO 28092 --- [exam-system] [http-nio-8080-exec-2] com.smileshark.asp.ServiceAsp            : 返回数据：{"code":200,"data":1,"success":true}
2025-03-15 13:39:39.615  INFO 28092 --- [exam-system] [http-nio-8080-exec-4] com.smileshark.asp.ServiceAsp            : 返回数据：{"code":200,"data":0,"success":true}
2025-03-15 13:39:39.623  INFO 28092 --- [exam-system] [http-nio-8080-exec-6] com.smileshark.filter.ControllerFilter   : 请求的url为：http://localhost:8080/student/avgScoreByStudentId
2025-03-15 13:39:39.623  INFO 28092 --- [exam-system] [http-nio-8080-exec-5] com.smileshark.filter.ControllerFilter   : 请求的url为：http://localhost:8080/student/wrongQuestionRecordCountByStudentId
2025-03-15 13:39:39.623  INFO 28092 --- [exam-system] [http-nio-8080-exec-3] com.smileshark.filter.ControllerFilter   : 请求的url为：http://localhost:8080/student/lastScoreByExamPaperAllocationId
2025-03-15 13:39:39.628  INFO 28092 --- [exam-system] [http-nio-8080-exec-5] com.smileshark.asp.ServiceAsp            : 返回数据：{"code":200,"data":0,"success":true}
2025-03-15 13:39:39.629  INFO 28092 --- [exam-system] [pool-6-thread-1] com.smileshark.asp.ServiceAsp            : 完整试卷状态执行完毕。
2025-03-15 13:39:39.629  INFO 28092 --- [exam-system] [http-nio-8080-exec-3] com.smileshark.asp.ServiceAsp            : 返回数据：{"code":200,"data":0,"success":true}
2025-03-15 13:39:39.630  INFO 28092 --- [exam-system] [http-nio-8080-exec-6] com.smileshark.asp.ServiceAsp            : 返回数据：{"code":200,"data":0,"success":true}
2025-03-15 13:39:39.938  INFO 28092 --- [exam-system] [http-nio-8080-exec-7] com.smileshark.filter.ControllerFilter   : 请求的url为：http://localhost:8080/student/count/ExamCountByStudentId
2025-03-15 13:39:39.941  INFO 28092 --- [exam-system] [http-nio-8080-exec-7] com.smileshark.asp.ServiceAsp            : 返回数据：{"code":200,"data":0,"success":true}
2025-03-15 13:39:39.942  INFO 28092 --- [exam-system] [pool-8-thread-1] com.smileshark.asp.ServiceAsp            : 完整试卷状态执行完毕。
2025-03-15 13:39:47.507  INFO 28092 --- [exam-system] [http-nio-8080-exec-8] com.smileshark.filter.ControllerFilter   : 请求的url为：http://localhost:8080/student/count/allocationExamPaperCountByStudentIdAndState
2025-03-15 13:39:47.507  INFO 28092 --- [exam-system] [http-nio-8080-exec-9] com.smileshark.filter.ControllerFilter   : 请求的url为：http://localhost:8080/student/count/allocationExamPaperCountByStudentIdAndState
2025-03-15 13:39:47.509  INFO 28092 --- [exam-system] [http-nio-8080-exec-9] com.smileshark.asp.ServiceAsp            : 返回数据：{"code":200,"data":1,"success":true}
2025-03-15 13:39:47.509  INFO 28092 --- [exam-system] [http-nio-8080-exec-8] com.smileshark.asp.ServiceAsp            : 返回数据：{"code":200,"data":0,"success":true}
2025-03-15 13:39:47.510  INFO 28092 --- [exam-system] [pool-10-thread-1] com.smileshark.asp.ServiceAsp            : 完整试卷状态执行完毕。
2025-03-15 13:39:47.722  INFO 28092 --- [exam-system] [http-nio-8080-exec-10] com.smileshark.filter.ControllerFilter   : 请求的url为：http://localhost:8080/student/answerRecordCountByStudentId
2025-03-15 13:39:47.725  INFO 28092 --- [exam-system] [http-nio-8080-exec-10] com.smileshark.asp.ServiceAsp            : 返回数据：{"code":200,"data":0,"success":true}
2025-03-15 13:39:47.725  INFO 28092 --- [exam-system] [pool-11-thread-1] com.smileshark.asp.ServiceAsp            : 完整试卷状态执行完毕。
2025-03-15 13:39:47.816  INFO 28092 --- [exam-system] [http-nio-8080-exec-1] com.smileshark.filter.ControllerFilter   : 请求的url为：http://localhost:8080/student/avgScoreByStudentId
2025-03-15 13:39:47.816  INFO 28092 --- [exam-system] [http-nio-8080-exec-4] com.smileshark.filter.ControllerFilter   : 请求的url为：http://localhost:8080/student/lastScoreByExamPaperAllocationId
2025-03-15 13:39:47.816  INFO 28092 --- [exam-system] [http-nio-8080-exec-2] com.smileshark.filter.ControllerFilter   : 请求的url为：http://localhost:8080/student/wrongQuestionRecordCountByStudentId
2025-03-15 13:39:47.816  INFO 28092 --- [exam-system] [http-nio-8080-exec-5] com.smileshark.filter.ControllerFilter   : 请求的url为：http://localhost:8080/student/count/ExamCountByStudentId
2025-03-15 13:39:47.819  INFO 28092 --- [exam-system] [http-nio-8080-exec-4] com.smileshark.asp.ServiceAsp            : 返回数据：{"code":200,"data":0,"success":true}
2025-03-15 13:39:47.819  INFO 28092 --- [exam-system] [http-nio-8080-exec-5] com.smileshark.asp.ServiceAsp            : 返回数据：{"code":200,"data":0,"success":true}
2025-03-15 13:39:47.819  INFO 28092 --- [exam-system] [http-nio-8080-exec-2] com.smileshark.asp.ServiceAsp            : 返回数据：{"code":200,"data":0,"success":true}
2025-03-15 13:39:47.819  INFO 28092 --- [exam-system] [http-nio-8080-exec-1] com.smileshark.asp.ServiceAsp            : 返回数据：{"code":200,"data":0,"success":true}
2025-03-15 13:39:47.820  INFO 28092 --- [exam-system] [pool-13-thread-1] com.smileshark.asp.ServiceAsp            : 完整试卷状态执行完毕。
2025-03-15 13:39:48.316  INFO 28092 --- [exam-system] [http-nio-8080-exec-3] com.smileshark.filter.ControllerFilter   : 请求的url为：http://localhost:8080/student/list/selectExamPaperAllocationsByStudentIdParamState
2025-03-15 13:39:48.320  INFO 28092 --- [exam-system] [pool-16-thread-1] com.smileshark.asp.ServiceAsp            : 完整试卷状态执行完毕。
2025-03-15 13:39:48.364  INFO 28092 --- [exam-system] [http-nio-8080-exec-3] com.smileshark.asp.ServiceAsp            : 返回数据：{"code":200,"data":{"endRow":0,"hasNextPage":false,"hasPreviousPage":false,"isFirstPage":true,"isLastPage":true,"list":[],"navigateFirstPage":0,"navigateLastPage":0,"navigatePages":8,"navigatepageNums":[],"nextPage":0,"pageNum":1,"pageSize":5,"pages":0,"prePage":0,"size":0,"startRow":0,"total":0},"success":true}
2025-03-15 13:39:49.311  INFO 28092 --- [exam-system] [http-nio-8080-exec-6] com.smileshark.filter.ControllerFilter   : 请求的url为：http://localhost:8080/student/count/allocationExamPaperCountByStudentIdAndState
2025-03-15 13:39:49.313  INFO 28092 --- [exam-system] [http-nio-8080-exec-6] com.smileshark.asp.ServiceAsp            : 返回数据：{"code":200,"data":0,"success":true}
2025-03-15 13:39:49.314  INFO 28092 --- [exam-system] [pool-17-thread-1] com.smileshark.asp.ServiceAsp            : 完整试卷状态执行完毕。
2025-03-15 13:39:49.628  INFO 28092 --- [exam-system] [http-nio-8080-exec-8] com.smileshark.filter.ControllerFilter   : 请求的url为：http://localhost:8080/student/answerRecordCountByStudentId
2025-03-15 13:39:49.628  INFO 28092 --- [exam-system] [http-nio-8080-exec-5] com.smileshark.filter.ControllerFilter   : 请求的url为：http://localhost:8080/student/avgScoreByStudentId
2025-03-15 13:39:49.628  INFO 28092 --- [exam-system] [http-nio-8080-exec-7] com.smileshark.filter.ControllerFilter   : 请求的url为：http://localhost:8080/student/count/allocationExamPaperCountByStudentIdAndState
2025-03-15 13:39:49.628  INFO 28092 --- [exam-system] [http-nio-8080-exec-9] com.smileshark.filter.ControllerFilter   : 请求的url为：http://localhost:8080/student/wrongQuestionRecordCountByStudentId
2025-03-15 13:39:49.628  INFO 28092 --- [exam-system] [http-nio-8080-exec-10] com.smileshark.filter.ControllerFilter   : 请求的url为：http://localhost:8080/student/lastScoreByExamPaperAllocationId
2025-03-15 13:39:49.628  INFO 28092 --- [exam-system] [http-nio-8080-exec-2] com.smileshark.filter.ControllerFilter   : 请求的url为：http://localhost:8080/student/count/ExamCountByStudentId
2025-03-15 13:39:49.631  INFO 28092 --- [exam-system] [http-nio-8080-exec-2] com.smileshark.asp.ServiceAsp            : 返回数据：{"code":200,"data":0,"success":true}
2025-03-15 13:39:49.631  INFO 28092 --- [exam-system] [http-nio-8080-exec-7] com.smileshark.asp.ServiceAsp            : 返回数据：{"code":200,"data":1,"success":true}
2025-03-15 13:39:49.631  INFO 28092 --- [exam-system] [http-nio-8080-exec-9] com.smileshark.asp.ServiceAsp            : 返回数据：{"code":200,"data":0,"success":true}
2025-03-15 13:39:49.631  INFO 28092 --- [exam-system] [http-nio-8080-exec-10] com.smileshark.asp.ServiceAsp            : 返回数据：{"code":200,"data":0,"success":true}
2025-03-15 13:39:49.631  INFO 28092 --- [exam-system] [http-nio-8080-exec-8] com.smileshark.asp.ServiceAsp            : 返回数据：{"code":200,"data":0,"success":true}
2025-03-15 13:39:49.631  INFO 28092 --- [exam-system] [http-nio-8080-exec-5] com.smileshark.asp.ServiceAsp            : 返回数据：{"code":200,"data":0,"success":true}
2025-03-15 13:39:49.631  INFO 28092 --- [exam-system] [pool-21-thread-1] com.smileshark.asp.ServiceAsp            : 完整试卷状态执行完毕。
2025-03-15 13:39:50.579  INFO 28092 --- [exam-system] [http-nio-8080-exec-1] com.smileshark.filter.ControllerFilter   : 请求的url为：http://localhost:8080/student/list/selectExamPaperAllocationsByStudentIdParamState
2025-03-15 13:39:50.583  INFO 28092 --- [exam-system] [pool-24-thread-1] com.smileshark.asp.ServiceAsp            : 完整试卷状态执行完毕。
2025-03-15 13:39:50.605  INFO 28092 --- [exam-system] [http-nio-8080-exec-1] com.smileshark.asp.ServiceAsp            : 返回数据：{"code":200,"data":{"endRow":1,"hasNextPage":false,"hasPreviousPage":false,"isFirstPage":true,"isLastPage":true,"list":[{"examPaperAllocationId":"5c10447cd9c24b35ac43f351d1480dee","examPaperAllocationState":1,"examPaperRelease":{"administratorId":"3d0346578e4e4edfbbbf6797239a8883","examEndTime":1742054400000,"examPaper":{"administratorId":"3d0346578e4e4edfbbbf6797239a8883","examPaperCreateTime":1741923992789,"examPaperId":"f9791e8148ae4aaaabc891ca4464a6e5","examPaperState":0,"examPaperTitle":"试卷","questionCount":10,"totalScore":100.0},"examPaperReleaseId":"40fb21a2704a4ac78a1ee3eb5f85483d","examPaperReleaseTime":1741924224708,"examStartTime":1741968000000,"notes":"考试测试"},"studentId":"3ce45a49550d45edbbd0158dfc0e7c1e"}],"navigateFirstPage":1,"navigateLastPage":1,"navigatePages":8,"navigatepageNums":[1],"nextPage":0,"pageNum":1,"pageSize":5,"pages":1,"prePage":0,"size":1,"startRow":1,"total":1},"success":true}
2025-03-15 13:43:58.925  INFO 28092 --- [exam-system] [http-nio-8080-exec-4] com.smileshark.filter.ControllerFilter   : 请求的url为：http://localhost:8080/administrator/name/list
2025-03-15 13:43:58.928  INFO 28092 --- [exam-system] [pool-25-thread-1] com.smileshark.asp.ServiceAsp            : 完整试卷状态执行完毕。
2025-03-15 13:43:58.934  INFO 28092 --- [exam-system] [http-nio-8080-exec-4] com.smileshark.asp.ServiceAsp            : 返回数据：{"code":200,"data":[{"administratorId":"3d0346578e4e4edfbbbf6797239a8883","administratorName":"哇嘎哇嘎"}],"msg":"success","success":true}
2025-03-15 13:44:02.081  INFO 28092 --- [exam-system] [http-nio-8080-exec-3] com.smileshark.filter.ControllerFilter   : 请求的url为：http://localhost:8080/student/list/selectExamPaperAllocationsByStudentIdParamState
2025-03-15 13:44:02.089  INFO 28092 --- [exam-system] [pool-26-thread-1] com.smileshark.asp.ServiceAsp            : 完整试卷状态执行完毕。
2025-03-15 13:44:02.091  INFO 28092 --- [exam-system] [http-nio-8080-exec-3] com.smileshark.asp.ServiceAsp            : 返回数据：{"code":200,"data":{"endRow":1,"hasNextPage":false,"hasPreviousPage":false,"isFirstPage":true,"isLastPage":true,"list":[{"examPaperAllocationId":"5c10447cd9c24b35ac43f351d1480dee","examPaperAllocationState":1,"examPaperRelease":{"administratorId":"3d0346578e4e4edfbbbf6797239a8883","examEndTime":1742054400000,"examPaper":{"administratorId":"3d0346578e4e4edfbbbf6797239a8883","examPaperCreateTime":1741923992789,"examPaperId":"f9791e8148ae4aaaabc891ca4464a6e5","examPaperState":0,"examPaperTitle":"试卷","questionCount":10,"totalScore":100.0},"examPaperReleaseId":"40fb21a2704a4ac78a1ee3eb5f85483d","examPaperReleaseTime":1741924224708,"examStartTime":1741968000000,"notes":"考试测试"},"studentId":"3ce45a49550d45edbbd0158dfc0e7c1e"}],"navigateFirstPage":1,"navigateLastPage":1,"navigatePages":8,"navigatepageNums":[1],"nextPage":0,"pageNum":1,"pageSize":5,"pages":1,"prePage":0,"size":1,"startRow":1,"total":1},"success":true}
2025-03-15 13:44:09.572  INFO 28092 --- [exam-system] [http-nio-8080-exec-6] com.smileshark.filter.ControllerFilter   : 请求的url为：http://localhost:8080/student/list/selectExamPaperAllocationsByStudentIdParamState
2025-03-15 13:44:09.575  INFO 28092 --- [exam-system] [pool-27-thread-1] com.smileshark.asp.ServiceAsp            : 完整试卷状态执行完毕。
2025-03-15 13:44:09.577  INFO 28092 --- [exam-system] [http-nio-8080-exec-6] com.smileshark.asp.ServiceAsp            : 返回数据：{"code":200,"data":{"endRow":1,"hasNextPage":false,"hasPreviousPage":false,"isFirstPage":true,"isLastPage":true,"list":[{"examPaperAllocationId":"5c10447cd9c24b35ac43f351d1480dee","examPaperAllocationState":1,"examPaperRelease":{"administratorId":"3d0346578e4e4edfbbbf6797239a8883","examEndTime":1742054400000,"examPaper":{"administratorId":"3d0346578e4e4edfbbbf6797239a8883","examPaperCreateTime":1741923992789,"examPaperId":"f9791e8148ae4aaaabc891ca4464a6e5","examPaperState":0,"examPaperTitle":"试卷","questionCount":10,"totalScore":100.0},"examPaperReleaseId":"40fb21a2704a4ac78a1ee3eb5f85483d","examPaperReleaseTime":1741924224708,"examStartTime":1741968000000,"notes":"考试测试"},"studentId":"3ce45a49550d45edbbd0158dfc0e7c1e"}],"navigateFirstPage":1,"navigateLastPage":1,"navigatePages":8,"navigatepageNums":[1],"nextPage":0,"pageNum":1,"pageSize":5,"pages":1,"prePage":0,"size":1,"startRow":1,"total":1},"success":true}
2025-03-15 13:44:12.088  INFO 28092 --- [exam-system] [http-nio-8080-exec-8] com.smileshark.filter.ControllerFilter   : 请求的url为：http://localhost:8080/student/count/allocationExamPaperCountByStudentIdAndState
2025-03-15 13:44:12.088  INFO 28092 --- [exam-system] [http-nio-8080-exec-9] com.smileshark.filter.ControllerFilter   : 请求的url为：http://localhost:8080/student/avgScoreByStudentId
2025-03-15 13:44:12.088  INFO 28092 --- [exam-system] [http-nio-8080-exec-7] com.smileshark.filter.ControllerFilter   : 请求的url为：http://localhost:8080/student/count/allocationExamPaperCountByStudentIdAndState
2025-03-15 13:44:12.088  INFO 28092 --- [exam-system] [http-nio-8080-exec-5] com.smileshark.filter.ControllerFilter   : 请求的url为：http://localhost:8080/student/wrongQuestionRecordCountByStudentId
2025-03-15 13:44:12.088  INFO 28092 --- [exam-system] [http-nio-8080-exec-2] com.smileshark.filter.ControllerFilter   : 请求的url为：http://localhost:8080/student/lastScoreByExamPaperAllocationId
2025-03-15 13:44:12.088  INFO 28092 --- [exam-system] [http-nio-8080-exec-10] com.smileshark.filter.ControllerFilter   : 请求的url为：http://localhost:8080/student/answerRecordCountByStudentId
2025-03-15 13:44:12.090  INFO 28092 --- [exam-system] [http-nio-8080-exec-2] com.smileshark.asp.ServiceAsp            : 返回数据：{"code":200,"data":0,"success":true}
2025-03-15 13:44:12.090  INFO 28092 --- [exam-system] [http-nio-8080-exec-10] com.smileshark.asp.ServiceAsp            : 返回数据：{"code":200,"data":0,"success":true}
2025-03-15 13:44:12.090  INFO 28092 --- [exam-system] [http-nio-8080-exec-7] com.smileshark.asp.ServiceAsp            : 返回数据：{"code":200,"data":1,"success":true}
2025-03-15 13:44:12.090  INFO 28092 --- [exam-system] [http-nio-8080-exec-9] com.smileshark.asp.ServiceAsp            : 返回数据：{"code":200,"data":0,"success":true}
2025-03-15 13:44:12.090  INFO 28092 --- [exam-system] [http-nio-8080-exec-5] com.smileshark.asp.ServiceAsp            : 返回数据：{"code":200,"data":0,"success":true}
2025-03-15 13:44:12.090  INFO 28092 --- [exam-system] [http-nio-8080-exec-8] com.smileshark.asp.ServiceAsp            : 返回数据：{"code":200,"data":0,"success":true}
2025-03-15 13:44:12.091  INFO 28092 --- [exam-system] [pool-28-thread-1] com.smileshark.asp.ServiceAsp            : 完整试卷状态执行完毕。
2025-03-15 13:44:12.405  INFO 28092 --- [exam-system] [http-nio-8080-exec-1] com.smileshark.filter.ControllerFilter   : 请求的url为：http://localhost:8080/student/count/ExamCountByStudentId
2025-03-15 13:44:12.406  INFO 28092 --- [exam-system] [http-nio-8080-exec-1] com.smileshark.asp.ServiceAsp            : 返回数据：{"code":200,"data":0,"success":true}
2025-03-15 13:44:12.407  INFO 28092 --- [exam-system] [pool-34-thread-1] com.smileshark.asp.ServiceAsp            : 完整试卷状态执行完毕。
2025-03-15 13:44:13.221  INFO 28092 --- [exam-system] [http-nio-8080-exec-4] com.smileshark.filter.ControllerFilter   : 请求的url为：http://localhost:8080/student/list/selectExamPaperAllocationsByStudentIdParamState
2025-03-15 13:44:13.222  INFO 28092 --- [exam-system] [pool-35-thread-1] com.smileshark.asp.ServiceAsp            : 完整试卷状态执行完毕。
2025-03-15 13:44:13.224  INFO 28092 --- [exam-system] [http-nio-8080-exec-4] com.smileshark.asp.ServiceAsp            : 返回数据：{"code":200,"data":{"endRow":1,"hasNextPage":false,"hasPreviousPage":false,"isFirstPage":true,"isLastPage":true,"list":[{"examPaperAllocationId":"5c10447cd9c24b35ac43f351d1480dee","examPaperAllocationState":1,"examPaperRelease":{"administratorId":"3d0346578e4e4edfbbbf6797239a8883","examEndTime":1742054400000,"examPaper":{"administratorId":"3d0346578e4e4edfbbbf6797239a8883","examPaperCreateTime":1741923992789,"examPaperId":"f9791e8148ae4aaaabc891ca4464a6e5","examPaperState":0,"examPaperTitle":"试卷","questionCount":10,"totalScore":100.0},"examPaperReleaseId":"40fb21a2704a4ac78a1ee3eb5f85483d","examPaperReleaseTime":1741924224708,"examStartTime":1741968000000,"notes":"考试测试"},"studentId":"3ce45a49550d45edbbd0158dfc0e7c1e"}],"navigateFirstPage":1,"navigateLastPage":1,"navigatePages":8,"navigatepageNums":[1],"nextPage":0,"pageNum":1,"pageSize":5,"pages":1,"prePage":0,"size":1,"startRow":1,"total":1},"success":true}
2025-03-15 13:44:18.499  INFO 28092 --- [exam-system] [http-nio-8080-exec-3] com.smileshark.filter.ControllerFilter   : 请求的url为：http://localhost:8080/student/list/selectExamPaperAllocationsByStudentIdParamState
2025-03-15 13:44:18.501  INFO 28092 --- [exam-system] [pool-36-thread-1] com.smileshark.asp.ServiceAsp            : 完整试卷状态执行完毕。
2025-03-15 13:44:18.503  INFO 28092 --- [exam-system] [http-nio-8080-exec-3] com.smileshark.asp.ServiceAsp            : 返回数据：{"code":200,"data":{"endRow":1,"hasNextPage":false,"hasPreviousPage":false,"isFirstPage":true,"isLastPage":true,"list":[{"examPaperAllocationId":"5c10447cd9c24b35ac43f351d1480dee","examPaperAllocationState":1,"examPaperRelease":{"administratorId":"3d0346578e4e4edfbbbf6797239a8883","examEndTime":1742054400000,"examPaper":{"administratorId":"3d0346578e4e4edfbbbf6797239a8883","examPaperCreateTime":1741923992789,"examPaperId":"f9791e8148ae4aaaabc891ca4464a6e5","examPaperState":0,"examPaperTitle":"试卷","questionCount":10,"totalScore":100.0},"examPaperReleaseId":"40fb21a2704a4ac78a1ee3eb5f85483d","examPaperReleaseTime":1741924224708,"examStartTime":1741968000000,"notes":"考试测试"},"studentId":"3ce45a49550d45edbbd0158dfc0e7c1e"}],"navigateFirstPage":1,"navigateLastPage":1,"navigatePages":8,"navigatepageNums":[1],"nextPage":0,"pageNum":1,"pageSize":5,"pages":1,"prePage":0,"size":1,"startRow":1,"total":1},"success":true}
2025-03-15 13:44:21.825  INFO 28092 --- [exam-system] [http-nio-8080-exec-6] com.smileshark.filter.ControllerFilter   : 请求的url为：http://localhost:8080/student/list/selectExamPaperAllocationsByStudentIdParamState
2025-03-15 13:44:21.829  INFO 28092 --- [exam-system] [pool-37-thread-1] com.smileshark.asp.ServiceAsp            : 完整试卷状态执行完毕。
2025-03-15 13:44:21.830  INFO 28092 --- [exam-system] [http-nio-8080-exec-6] com.smileshark.asp.ServiceAsp            : 返回数据：{"code":200,"data":{"endRow":1,"hasNextPage":false,"hasPreviousPage":false,"isFirstPage":true,"isLastPage":true,"list":[{"examPaperAllocationId":"5c10447cd9c24b35ac43f351d1480dee","examPaperAllocationState":1,"examPaperRelease":{"administratorId":"3d0346578e4e4edfbbbf6797239a8883","examEndTime":1742054400000,"examPaper":{"administratorId":"3d0346578e4e4edfbbbf6797239a8883","examPaperCreateTime":1741923992789,"examPaperId":"f9791e8148ae4aaaabc891ca4464a6e5","examPaperState":0,"examPaperTitle":"试卷","questionCount":10,"totalScore":100.0},"examPaperReleaseId":"40fb21a2704a4ac78a1ee3eb5f85483d","examPaperReleaseTime":1741924224708,"examStartTime":1741968000000,"notes":"考试测试"},"studentId":"3ce45a49550d45edbbd0158dfc0e7c1e"}],"navigateFirstPage":1,"navigateLastPage":1,"navigatePages":8,"navigatepageNums":[1],"nextPage":0,"pageNum":1,"pageSize":5,"pages":1,"prePage":0,"size":1,"startRow":1,"total":1},"success":true}
2025-03-15 13:44:37.776  INFO 28092 --- [exam-system] [http-nio-8080-exec-2] com.smileshark.filter.ControllerFilter   : 请求的url为：http://localhost:8080/student/list/selectExamPaperAllocationsByStudentIdParamState
2025-03-15 13:44:37.776  INFO 28092 --- [exam-system] [pool-38-thread-1] com.smileshark.asp.ServiceAsp            : 完整试卷状态执行完毕。
2025-03-15 13:44:37.781  INFO 28092 --- [exam-system] [http-nio-8080-exec-2] com.smileshark.asp.ServiceAsp            : 返回数据：{"code":200,"data":{"endRow":1,"hasNextPage":false,"hasPreviousPage":false,"isFirstPage":true,"isLastPage":true,"list":[{"examPaperAllocationId":"5c10447cd9c24b35ac43f351d1480dee","examPaperAllocationState":1,"examPaperRelease":{"administratorId":"3d0346578e4e4edfbbbf6797239a8883","examEndTime":1742054400000,"examPaper":{"administratorId":"3d0346578e4e4edfbbbf6797239a8883","examPaperCreateTime":1741923992789,"examPaperId":"f9791e8148ae4aaaabc891ca4464a6e5","examPaperState":0,"examPaperTitle":"试卷","questionCount":10,"totalScore":100.0},"examPaperReleaseId":"40fb21a2704a4ac78a1ee3eb5f85483d","examPaperReleaseTime":1741924224708,"examStartTime":1741968000000,"notes":"考试测试"},"studentId":"3ce45a49550d45edbbd0158dfc0e7c1e"}],"navigateFirstPage":1,"navigateLastPage":1,"navigatePages":8,"navigatepageNums":[1],"nextPage":0,"pageNum":1,"pageSize":5,"pages":1,"prePage":0,"size":1,"startRow":1,"total":1},"success":true}
2025-03-15 13:47:05.864  INFO 28092 --- [exam-system] [http-nio-8080-exec-10] com.smileshark.filter.ControllerFilter   : 请求的url为：http://localhost:8080/student/list/selectExamPaperAllocationsByStudentIdParamState
2025-03-15 13:47:05.868  INFO 28092 --- [exam-system] [pool-39-thread-1] com.smileshark.asp.ServiceAsp            : 完整试卷状态执行完毕。
2025-03-15 13:47:05.869  INFO 28092 --- [exam-system] [http-nio-8080-exec-10] com.smileshark.asp.ServiceAsp            : 返回数据：{"code":200,"data":{"endRow":1,"hasNextPage":false,"hasPreviousPage":false,"isFirstPage":true,"isLastPage":true,"list":[{"examPaperAllocationId":"5c10447cd9c24b35ac43f351d1480dee","examPaperAllocationState":1,"examPaperRelease":{"administratorId":"3d0346578e4e4edfbbbf6797239a8883","examEndTime":1742054400000,"examPaper":{"administratorId":"3d0346578e4e4edfbbbf6797239a8883","examPaperCreateTime":1741923992789,"examPaperId":"f9791e8148ae4aaaabc891ca4464a6e5","examPaperState":0,"examPaperTitle":"试卷","questionCount":10,"totalScore":100.0},"examPaperReleaseId":"40fb21a2704a4ac78a1ee3eb5f85483d","examPaperReleaseTime":1741924224708,"examStartTime":1741968000000,"notes":"考试测试"},"studentId":"3ce45a49550d45edbbd0158dfc0e7c1e"}],"navigateFirstPage":1,"navigateLastPage":1,"navigatePages":8,"navigatepageNums":[1],"nextPage":0,"pageNum":1,"pageSize":5,"pages":1,"prePage":0,"size":1,"startRow":1,"total":1},"success":true}
2025-03-15 13:48:37.997  INFO 28092 --- [exam-system] [http-nio-8080-exec-7] com.smileshark.filter.ControllerFilter   : 请求的url为：http://localhost:8080/student/list/selectExamPaperAllocationsByStudentIdParamState
2025-03-15 13:48:37.997  INFO 28092 --- [exam-system] [pool-40-thread-1] com.smileshark.asp.ServiceAsp            : 完整试卷状态执行完毕。
2025-03-15 13:48:37.997  INFO 28092 --- [exam-system] [http-nio-8080-exec-7] com.smileshark.asp.ServiceAsp            : 返回数据：{"code":200,"data":{"endRow":1,"hasNextPage":false,"hasPreviousPage":false,"isFirstPage":true,"isLastPage":true,"list":[{"examPaperAllocationId":"5c10447cd9c24b35ac43f351d1480dee","examPaperAllocationState":1,"examPaperRelease":{"administratorId":"3d0346578e4e4edfbbbf6797239a8883","examEndTime":1742054400000,"examPaper":{"administratorId":"3d0346578e4e4edfbbbf6797239a8883","examPaperCreateTime":1741923992789,"examPaperId":"f9791e8148ae4aaaabc891ca4464a6e5","examPaperState":0,"examPaperTitle":"试卷","questionCount":10,"totalScore":100.0},"examPaperReleaseId":"40fb21a2704a4ac78a1ee3eb5f85483d","examPaperReleaseTime":1741924224708,"examStartTime":1741968000000,"notes":"考试测试"},"studentId":"3ce45a49550d45edbbd0158dfc0e7c1e"}],"navigateFirstPage":1,"navigateLastPage":1,"navigatePages":8,"navigatepageNums":[1],"nextPage":0,"pageNum":1,"pageSize":5,"pages":1,"prePage":0,"size":1,"startRow":1,"total":1},"success":true}
2025-03-15 13:53:52.102  INFO 28092 --- [exam-system] [http-nio-8080-exec-9] com.smileshark.filter.ControllerFilter   : 请求的url为：http://localhost:8080/student/list/selectExamPaperAllocationsByStudentIdParamState
2025-03-15 13:53:52.102  INFO 28092 --- [exam-system] [pool-41-thread-1] com.smileshark.asp.ServiceAsp            : 完整试卷状态执行完毕。
2025-03-15 13:53:52.108  INFO 28092 --- [exam-system] [http-nio-8080-exec-9] com.smileshark.asp.ServiceAsp            : 返回数据：{"code":200,"data":{"endRow":1,"hasNextPage":false,"hasPreviousPage":false,"isFirstPage":true,"isLastPage":true,"list":[{"examPaperAllocationId":"5c10447cd9c24b35ac43f351d1480dee","examPaperAllocationState":1,"examPaperRelease":{"administratorId":"3d0346578e4e4edfbbbf6797239a8883","examEndTime":1742054400000,"examPaper":{"administratorId":"3d0346578e4e4edfbbbf6797239a8883","examPaperCreateTime":1741923992789,"examPaperId":"f9791e8148ae4aaaabc891ca4464a6e5","examPaperState":0,"examPaperTitle":"试卷","questionCount":10,"totalScore":100.0},"examPaperReleaseId":"40fb21a2704a4ac78a1ee3eb5f85483d","examPaperReleaseTime":1741924224708,"examStartTime":1741968000000,"notes":"考试测试"},"studentId":"3ce45a49550d45edbbd0158dfc0e7c1e"}],"navigateFirstPage":1,"navigateLastPage":1,"navigatePages":8,"navigatepageNums":[1],"nextPage":0,"pageNum":1,"pageSize":5,"pages":1,"prePage":0,"size":1,"startRow":1,"total":1},"success":true}
2025-03-15 15:00:38.552  INFO 28092 --- [exam-system] [SpringApplicationShutdownHook] o.s.b.w.e.tomcat.GracefulShutdown        : Commencing graceful shutdown. Waiting for active requests to complete
2025-03-15 15:00:38.561  INFO 28092 --- [exam-system] [tomcat-shutdown] o.s.b.w.e.tomcat.GracefulShutdown        : Graceful shutdown complete
2025-03-15 15:00:38.570  INFO 28092 --- [exam-system] [SpringApplicationShutdownHook] com.zaxxer.hikari.HikariDataSource       : HikariPool-1 - Shutdown initiated...
2025-03-15 15:00:38.574  INFO 28092 --- [exam-system] [SpringApplicationShutdownHook] com.zaxxer.hikari.HikariDataSource       : HikariPool-1 - Shutdown completed.
2025-03-15 15:00:42.148  INFO 8400 --- [exam-system] [main] com.smileshark.ExamSystemApplication     : Starting ExamSystemApplication using Java 22.0.2 with PID 8400 (E:\schoolProject\exam-system\target\classes started by SmileShark in E:\schoolProject\exam-system)
2025-03-15 15:00:42.153  INFO 8400 --- [exam-system] [main] com.smileshark.ExamSystemApplication     : No active profile set, falling back to 1 default profile: "default"
2025-03-15 15:00:42.569  INFO 8400 --- [exam-system] [main] .s.d.r.c.RepositoryConfigurationDelegate : Bootstrapping Spring Data JDBC repositories in DEFAULT mode.
2025-03-15 15:00:42.585  INFO 8400 --- [exam-system] [main] .s.d.r.c.RepositoryConfigurationDelegate : Finished Spring Data repository scanning in 12 ms. Found 0 JDBC repository interfaces.
2025-03-15 15:00:43.025  INFO 8400 --- [exam-system] [main] o.s.b.w.embedded.tomcat.TomcatWebServer  : Tomcat initialized with port 8080 (http)
2025-03-15 15:00:43.027  INFO 8400 --- [exam-system] [main] o.a.catalina.core.AprLifecycleListener   : An older version [1.3.1] of the Apache Tomcat Native library is installed, while Tomcat recommends a minimum version of [2.0.5]
2025-03-15 15:00:43.027  INFO 8400 --- [exam-system] [main] o.a.catalina.core.AprLifecycleListener   : Loaded Apache Tomcat Native library [1.3.1] using APR version [1.7.4].
2025-03-15 15:00:43.030  INFO 8400 --- [exam-system] [main] o.a.catalina.core.AprLifecycleListener   : OpenSSL successfully initialized [OpenSSL 3.0.14 4 Jun 2024]
2025-03-15 15:00:43.039  INFO 8400 --- [exam-system] [main] o.apache.catalina.core.StandardService   : Starting service [Tomcat]
2025-03-15 15:00:43.039  INFO 8400 --- [exam-system] [main] o.apache.catalina.core.StandardEngine    : Starting Servlet engine: [Apache Tomcat/10.1.36]
2025-03-15 15:00:43.071  INFO 8400 --- [exam-system] [main] o.a.c.c.C.[Tomcat].[localhost].[/]       : Initializing Spring embedded WebApplicationContext
2025-03-15 15:00:43.071  INFO 8400 --- [exam-system] [main] w.s.c.ServletWebServerApplicationContext : Root WebApplicationContext: initialization completed in 887 ms
2025-03-15 15:00:43.773  INFO 8400 --- [exam-system] [main] com.zaxxer.hikari.HikariDataSource       : HikariPool-1 - Starting...
2025-03-15 15:00:43.860  INFO 8400 --- [exam-system] [main] com.zaxxer.hikari.pool.HikariPool        : HikariPool-1 - Added connection com.mysql.cj.jdbc.ConnectionImpl@16cf7fd0
2025-03-15 15:00:43.861  INFO 8400 --- [exam-system] [main] com.zaxxer.hikari.HikariDataSource       : HikariPool-1 - Start completed.
2025-03-15 15:00:43.973  INFO 8400 --- [exam-system] [main] o.s.b.w.embedded.tomcat.TomcatWebServer  : Tomcat started on port 8080 (http) with context path '/'
2025-03-15 15:00:43.977  INFO 8400 --- [exam-system] [main] com.smileshark.ExamSystemApplication     : Started ExamSystemApplication in 2.117 seconds (process running for 2.523)
2025-03-15 15:03:52.205  INFO 8400 --- [exam-system] [http-nio-8080-exec-1] o.a.c.c.C.[Tomcat].[localhost].[/]       : Initializing Spring DispatcherServlet 'dispatcherServlet'
2025-03-15 15:03:52.205  INFO 8400 --- [exam-system] [http-nio-8080-exec-1] o.s.web.servlet.DispatcherServlet        : Initializing Servlet 'dispatcherServlet'
2025-03-15 15:03:52.206  INFO 8400 --- [exam-system] [http-nio-8080-exec-1] o.s.web.servlet.DispatcherServlet        : Completed initialization in 1 ms
2025-03-15 15:03:52.209  INFO 8400 --- [exam-system] [http-nio-8080-exec-1] com.smileshark.filter.ControllerFilter   : 请求的url为：http://localhost:8080/student/exam/selectExamPaperAllocationByExamPaperAllocationId
2025-03-15 15:03:52.295  INFO 8400 --- [exam-system] [pool-2-thread-1] com.smileshark.asp.ServiceAsp            : 完整试卷状态执行完毕。
2025-03-15 15:03:52.324  INFO 8400 --- [exam-system] [http-nio-8080-exec-1] com.smileshark.asp.ServiceAsp            : 返回数据：{"code":500,"msg":"没有需要考试的试卷","success":false}
2025-03-15 15:04:01.772  INFO 8400 --- [exam-system] [http-nio-8080-exec-2] com.smileshark.filter.ControllerFilter   : 请求的url为：http://localhost:8080/student/exam/selectExamPaperAllocationByExamPaperAllocationId
2025-03-15 15:04:01.774  INFO 8400 --- [exam-system] [http-nio-8080-exec-2] com.smileshark.asp.ServiceAsp            : 返回数据：{"code":500,"msg":"没有需要考试的试卷","success":false}
2025-03-15 15:04:01.775  INFO 8400 --- [exam-system] [pool-3-thread-1] com.smileshark.asp.ServiceAsp            : 完整试卷状态执行完毕。
2025-03-15 15:04:16.732  INFO 8400 --- [exam-system] [http-nio-8080-exec-3] com.smileshark.filter.ControllerFilter   : 请求的url为：http://localhost:8080/student/exam/selectExamPaperAllocationByExamPaperAllocationId
2025-03-15 15:04:16.735  INFO 8400 --- [exam-system] [http-nio-8080-exec-3] com.smileshark.asp.ServiceAsp            : 返回数据：{"code":500,"msg":"没有需要考试的试卷","success":false}
2025-03-15 15:04:16.736  INFO 8400 --- [exam-system] [pool-4-thread-1] com.smileshark.asp.ServiceAsp            : 完整试卷状态执行完毕。
2025-03-15 15:04:30.964  INFO 8400 --- [exam-system] [http-nio-8080-exec-4] com.smileshark.filter.ControllerFilter   : 请求的url为：http://localhost:8080/administrator/name/list
2025-03-15 15:04:30.967  INFO 8400 --- [exam-system] [pool-5-thread-1] com.smileshark.asp.ServiceAsp            : 完整试卷状态执行完毕。
2025-03-15 15:04:30.973  INFO 8400 --- [exam-system] [http-nio-8080-exec-4] com.smileshark.asp.ServiceAsp            : 返回数据：{"code":200,"data":[{"administratorId":"3d0346578e4e4edfbbbf6797239a8883","administratorName":"哇嘎哇嘎"}],"msg":"success","success":true}
2025-03-15 15:04:40.759  INFO 8400 --- [exam-system] [http-nio-8080-exec-5] com.smileshark.filter.ControllerFilter   : 请求的url为：http://localhost:8080/student/login
2025-03-15 15:04:40.763  INFO 8400 --- [exam-system] [pool-6-thread-1] com.smileshark.asp.ServiceAsp            : 完整试卷状态执行完毕。
2025-03-15 15:04:40.769  INFO 8400 --- [exam-system] [http-nio-8080-exec-5] com.smileshark.asp.ServiceAsp            : 返回数据：{"code":200,"data":{"administratorId":"3d0346578e4e4edfbbbf6797239a8883","studentAccount":"123456","studentId":"3ce45a49550d45edbbd0158dfc0e7c1e","studentName":"王维"},"msg":"登录成功","success":true}
2025-03-15 15:04:42.115  INFO 8400 --- [exam-system] [http-nio-8080-exec-8] com.smileshark.filter.ControllerFilter   : 请求的url为：http://localhost:8080/student/answerRecordCountByStudentId
2025-03-15 15:04:42.115  INFO 8400 --- [exam-system] [http-nio-8080-exec-10] com.smileshark.filter.ControllerFilter   : 请求的url为：http://localhost:8080/student/lastScoreByExamPaperAllocationId
2025-03-15 15:04:42.115  INFO 8400 --- [exam-system] [http-nio-8080-exec-9] com.smileshark.filter.ControllerFilter   : 请求的url为：http://localhost:8080/student/wrongQuestionRecordCountByStudentId
2025-03-15 15:04:42.115  INFO 8400 --- [exam-system] [http-nio-8080-exec-7] com.smileshark.filter.ControllerFilter   : 请求的url为：http://localhost:8080/student/count/allocationExamPaperCountByStudentIdAndState
2025-03-15 15:04:42.115  INFO 8400 --- [exam-system] [http-nio-8080-exec-6] com.smileshark.filter.ControllerFilter   : 请求的url为：http://localhost:8080/student/count/allocationExamPaperCountByStudentIdAndState
2025-03-15 15:04:42.115  INFO 8400 --- [exam-system] [http-nio-8080-exec-1] com.smileshark.filter.ControllerFilter   : 请求的url为：http://localhost:8080/student/avgScoreByStudentId
2025-03-15 15:04:42.118  INFO 8400 --- [exam-system] [pool-7-thread-1] com.smileshark.asp.ServiceAsp            : 完整试卷状态执行完毕。
2025-03-15 15:04:42.119  INFO 8400 --- [exam-system] [http-nio-8080-exec-1] com.smileshark.asp.ServiceAsp            : 返回数据：{"code":200,"data":0,"success":true}
2025-03-15 15:04:42.119  INFO 8400 --- [exam-system] [http-nio-8080-exec-10] com.smileshark.asp.ServiceAsp            : 返回数据：{"code":200,"data":0,"success":true}
2025-03-15 15:04:42.119  INFO 8400 --- [exam-system] [http-nio-8080-exec-9] com.smileshark.asp.ServiceAsp            : 返回数据：{"code":200,"data":0,"success":true}
2025-03-15 15:04:42.119  INFO 8400 --- [exam-system] [http-nio-8080-exec-8] com.smileshark.asp.ServiceAsp            : 返回数据：{"code":200,"data":0,"success":true}
2025-03-15 15:04:42.121  INFO 8400 --- [exam-system] [http-nio-8080-exec-6] com.smileshark.asp.ServiceAsp            : 返回数据：{"code":200,"data":0,"success":true}
2025-03-15 15:04:42.121  INFO 8400 --- [exam-system] [http-nio-8080-exec-7] com.smileshark.asp.ServiceAsp            : 返回数据：{"code":200,"data":1,"success":true}
2025-03-15 15:04:42.122  INFO 8400 --- [exam-system] [pool-12-thread-1] com.smileshark.asp.ServiceAsp            : 完整试卷状态执行完毕。
2025-03-15 15:04:42.440  INFO 8400 --- [exam-system] [http-nio-8080-exec-2] com.smileshark.filter.ControllerFilter   : 请求的url为：http://localhost:8080/student/count/ExamCountByStudentId
2025-03-15 15:04:42.443  INFO 8400 --- [exam-system] [http-nio-8080-exec-2] com.smileshark.asp.ServiceAsp            : 返回数据：{"code":200,"data":0,"success":true}
2025-03-15 15:04:42.443  INFO 8400 --- [exam-system] [pool-13-thread-1] com.smileshark.asp.ServiceAsp            : 完整试卷状态执行完毕。
2025-03-15 15:04:45.033  INFO 8400 --- [exam-system] [http-nio-8080-exec-3] com.smileshark.filter.ControllerFilter   : 请求的url为：http://localhost:8080/student/list/selectExamPaperAllocationsByStudentIdParamState
2025-03-15 15:04:45.038  INFO 8400 --- [exam-system] [pool-14-thread-1] com.smileshark.asp.ServiceAsp            : 完整试卷状态执行完毕。
2025-03-15 15:04:45.088  INFO 8400 --- [exam-system] [http-nio-8080-exec-3] com.smileshark.asp.ServiceAsp            : 返回数据：{"code":200,"data":{"endRow":1,"hasNextPage":false,"hasPreviousPage":false,"isFirstPage":true,"isLastPage":true,"list":[{"examPaperAllocationId":"5c10447cd9c24b35ac43f351d1480dee","examPaperAllocationState":1,"examPaperRelease":{"administratorId":"3d0346578e4e4edfbbbf6797239a8883","examEndTime":1742054400000,"examPaper":{"administratorId":"3d0346578e4e4edfbbbf6797239a8883","examPaperCreateTime":1741923992789,"examPaperId":"f9791e8148ae4aaaabc891ca4464a6e5","examPaperState":0,"examPaperTitle":"试卷","questionCount":10,"totalScore":100.0},"examPaperReleaseId":"40fb21a2704a4ac78a1ee3eb5f85483d","examPaperReleaseTime":1741924224708,"examStartTime":1741968000000,"notes":"考试测试"},"studentId":"3ce45a49550d45edbbd0158dfc0e7c1e"}],"navigateFirstPage":1,"navigateLastPage":1,"navigatePages":8,"navigatepageNums":[1],"nextPage":0,"pageNum":1,"pageSize":5,"pages":1,"prePage":0,"size":1,"startRow":1,"total":1},"success":true}
2025-03-15 15:04:48.114  INFO 8400 --- [exam-system] [http-nio-8080-exec-4] com.smileshark.filter.ControllerFilter   : 请求的url为：http://localhost:8080/student/exam/selectExamPaperAllocationByExamPaperAllocationId
2025-03-15 15:04:48.117  INFO 8400 --- [exam-system] [http-nio-8080-exec-4] com.smileshark.asp.ServiceAsp            : 返回数据：{"code":500,"msg":"没有需要考试的试卷","success":false}
2025-03-15 15:04:48.118  INFO 8400 --- [exam-system] [pool-15-thread-1] com.smileshark.asp.ServiceAsp            : 完整试卷状态执行完毕。
2025-03-15 15:09:08.047  INFO 8400 --- [exam-system] [http-nio-8080-exec-5] com.smileshark.filter.ControllerFilter   : 请求的url为：http://localhost:8080/student/list/selectExamPaperAllocationsByStudentIdParamState
2025-03-15 15:09:08.051  INFO 8400 --- [exam-system] [pool-16-thread-1] com.smileshark.asp.ServiceAsp            : 完整试卷状态执行完毕。
2025-03-15 15:09:08.054  INFO 8400 --- [exam-system] [http-nio-8080-exec-5] com.smileshark.asp.ServiceAsp            : 返回数据：{"code":200,"data":{"endRow":1,"hasNextPage":false,"hasPreviousPage":false,"isFirstPage":true,"isLastPage":true,"list":[{"examPaperAllocationId":"5c10447cd9c24b35ac43f351d1480dee","examPaperAllocationState":1,"examPaperRelease":{"administratorId":"3d0346578e4e4edfbbbf6797239a8883","examEndTime":1742054400000,"examPaper":{"administratorId":"3d0346578e4e4edfbbbf6797239a8883","examPaperCreateTime":1741923992789,"examPaperId":"f9791e8148ae4aaaabc891ca4464a6e5","examPaperState":0,"examPaperTitle":"试卷","questionCount":10,"totalScore":100.0},"examPaperReleaseId":"40fb21a2704a4ac78a1ee3eb5f85483d","examPaperReleaseTime":1741924224708,"examStartTime":1741968000000,"notes":"考试测试"},"studentId":"3ce45a49550d45edbbd0158dfc0e7c1e"}],"navigateFirstPage":1,"navigateLastPage":1,"navigatePages":8,"navigatepageNums":[1],"nextPage":0,"pageNum":1,"pageSize":5,"pages":1,"prePage":0,"size":1,"startRow":1,"total":1},"success":true}
2025-03-15 15:09:45.196  INFO 8400 --- [exam-system] [http-nio-8080-exec-8] com.smileshark.filter.ControllerFilter   : 请求的url为：http://localhost:8080/student/exam/selectExamPaperAllocationByExamPaperAllocationId
2025-03-15 15:09:45.199  INFO 8400 --- [exam-system] [http-nio-8080-exec-8] com.smileshark.asp.ServiceAsp            : 返回数据：{"code":500,"msg":"没有需要考试的试卷","success":false}
2025-03-15 15:09:45.200  INFO 8400 --- [exam-system] [pool-17-thread-1] com.smileshark.asp.ServiceAsp            : 完整试卷状态执行完毕。
2025-03-15 15:09:52.938  INFO 8400 --- [exam-system] [http-nio-8080-exec-10] com.smileshark.filter.ControllerFilter   : 请求的url为：http://localhost:8080/student/exam/selectExamPaperAllocationByExamPaperAllocationId
2025-03-15 15:09:52.941  INFO 8400 --- [exam-system] [http-nio-8080-exec-10] com.smileshark.asp.ServiceAsp            : 返回数据：{"code":500,"msg":"没有需要考试的试卷","success":false}
2025-03-15 15:09:52.942  INFO 8400 --- [exam-system] [pool-18-thread-1] com.smileshark.asp.ServiceAsp            : 完整试卷状态执行完毕。
2025-03-15 15:10:03.495  INFO 8400 --- [exam-system] [http-nio-8080-exec-9] com.smileshark.filter.ControllerFilter   : 请求的url为：http://localhost:8080/student/exam/selectExamPaperAllocationByExamPaperAllocationId
2025-03-15 15:10:03.497  INFO 8400 --- [exam-system] [http-nio-8080-exec-9] com.smileshark.asp.ServiceAsp            : 返回数据：{"code":500,"msg":"没有需要考试的试卷","success":false}
2025-03-15 15:10:03.497  INFO 8400 --- [exam-system] [pool-19-thread-1] com.smileshark.asp.ServiceAsp            : 完整试卷状态执行完毕。
2025-03-15 15:10:28.325  INFO 8400 --- [exam-system] [http-nio-8080-exec-1] com.smileshark.filter.ControllerFilter   : 请求的url为：http://localhost:8080/student/exam/selectExamPaperAllocationByExamPaperAllocationId
2025-03-15 15:10:28.327  INFO 8400 --- [exam-system] [http-nio-8080-exec-1] com.smileshark.asp.ServiceAsp            : 返回数据：{"code":500,"msg":"没有需要考试的试卷","success":false}
2025-03-15 15:10:28.328  INFO 8400 --- [exam-system] [pool-20-thread-1] com.smileshark.asp.ServiceAsp            : 完整试卷状态执行完毕。
2025-03-15 15:11:40.992  INFO 8400 --- [exam-system] [SpringApplicationShutdownHook] o.s.b.w.e.tomcat.GracefulShutdown        : Commencing graceful shutdown. Waiting for active requests to complete
2025-03-15 15:11:40.997  INFO 8400 --- [exam-system] [tomcat-shutdown] o.s.b.w.e.tomcat.GracefulShutdown        : Graceful shutdown complete
2025-03-15 15:11:41.000  INFO 8400 --- [exam-system] [SpringApplicationShutdownHook] com.zaxxer.hikari.HikariDataSource       : HikariPool-1 - Shutdown initiated...
2025-03-15 15:11:41.004  INFO 8400 --- [exam-system] [SpringApplicationShutdownHook] com.zaxxer.hikari.HikariDataSource       : HikariPool-1 - Shutdown completed.
2025-03-15 15:11:42.651  INFO 5796 --- [exam-system] [main] com.smileshark.ExamSystemApplication     : Starting ExamSystemApplication using Java 22.0.2 with PID 5796 (E:\schoolProject\exam-system\target\classes started by SmileShark in E:\schoolProject\exam-system)
2025-03-15 15:11:42.653  INFO 5796 --- [exam-system] [main] com.smileshark.ExamSystemApplication     : No active profile set, falling back to 1 default profile: "default"
2025-03-15 15:11:43.022  INFO 5796 --- [exam-system] [main] .s.d.r.c.RepositoryConfigurationDelegate : Bootstrapping Spring Data JDBC repositories in DEFAULT mode.
2025-03-15 15:11:43.040  INFO 5796 --- [exam-system] [main] .s.d.r.c.RepositoryConfigurationDelegate : Finished Spring Data repository scanning in 13 ms. Found 0 JDBC repository interfaces.
2025-03-15 15:11:43.424  INFO 5796 --- [exam-system] [main] o.s.b.w.embedded.tomcat.TomcatWebServer  : Tomcat initialized with port 8080 (http)
2025-03-15 15:11:43.426  INFO 5796 --- [exam-system] [main] o.a.catalina.core.AprLifecycleListener   : An older version [1.3.1] of the Apache Tomcat Native library is installed, while Tomcat recommends a minimum version of [2.0.5]
2025-03-15 15:11:43.426  INFO 5796 --- [exam-system] [main] o.a.catalina.core.AprLifecycleListener   : Loaded Apache Tomcat Native library [1.3.1] using APR version [1.7.4].
2025-03-15 15:11:43.429  INFO 5796 --- [exam-system] [main] o.a.catalina.core.AprLifecycleListener   : OpenSSL successfully initialized [OpenSSL 3.0.14 4 Jun 2024]
2025-03-15 15:11:43.437  INFO 5796 --- [exam-system] [main] o.apache.catalina.core.StandardService   : Starting service [Tomcat]
2025-03-15 15:11:43.437  INFO 5796 --- [exam-system] [main] o.apache.catalina.core.StandardEngine    : Starting Servlet engine: [Apache Tomcat/10.1.36]
2025-03-15 15:11:43.463  INFO 5796 --- [exam-system] [main] o.a.c.c.C.[Tomcat].[localhost].[/]       : Initializing Spring embedded WebApplicationContext
2025-03-15 15:11:43.464  INFO 5796 --- [exam-system] [main] w.s.c.ServletWebServerApplicationContext : Root WebApplicationContext: initialization completed in 777 ms
2025-03-15 15:11:44.124  INFO 5796 --- [exam-system] [main] com.zaxxer.hikari.HikariDataSource       : HikariPool-1 - Starting...
2025-03-15 15:11:44.215  INFO 5796 --- [exam-system] [main] com.zaxxer.hikari.pool.HikariPool        : HikariPool-1 - Added connection com.mysql.cj.jdbc.ConnectionImpl@3d71e10b
2025-03-15 15:11:44.216  INFO 5796 --- [exam-system] [main] com.zaxxer.hikari.HikariDataSource       : HikariPool-1 - Start completed.
2025-03-15 15:11:44.327  INFO 5796 --- [exam-system] [main] o.s.b.w.embedded.tomcat.TomcatWebServer  : Tomcat started on port 8080 (http) with context path '/'
2025-03-15 15:11:44.333  INFO 5796 --- [exam-system] [main] com.smileshark.ExamSystemApplication     : Started ExamSystemApplication in 1.99 seconds (process running for 2.329)
2025-03-15 15:11:48.213  INFO 5796 --- [exam-system] [http-nio-8080-exec-1] o.a.c.c.C.[Tomcat].[localhost].[/]       : Initializing Spring DispatcherServlet 'dispatcherServlet'
2025-03-15 15:11:48.213  INFO 5796 --- [exam-system] [http-nio-8080-exec-1] o.s.web.servlet.DispatcherServlet        : Initializing Servlet 'dispatcherServlet'
2025-03-15 15:11:48.214  INFO 5796 --- [exam-system] [http-nio-8080-exec-1] o.s.web.servlet.DispatcherServlet        : Completed initialization in 1 ms
2025-03-15 15:11:48.218  INFO 5796 --- [exam-system] [http-nio-8080-exec-1] com.smileshark.filter.ControllerFilter   : 请求的url为：http://localhost:8080/student/exam/selectExamPaperAllocationByExamPaperAllocationId
2025-03-15 15:11:48.318  INFO 5796 --- [exam-system] [pool-2-thread-1] com.smileshark.asp.ServiceAsp            : 完整试卷状态执行完毕。
2025-03-15 15:11:48.355 ERROR 5796 --- [exam-system] [http-nio-8080-exec-1] com.smileshark.asp.ServiceAsp            : 
### Error querying database.  Cause: java.lang.IllegalArgumentException: Mapped Statements collection does not contain value for com.smileshark.mapper.ExamPaperMapper.selectExamPaperReleaseByExamPaperReleaseIdToExam
### The error may exist in com/smileshark/mapper/ExamPaperReleaseMapper.xml
### The error may involve com.smileshark.mapper.ExamPaperReleaseMapper.selectExamPaperReleaseByExamPaperReleaseIdToExam
### The error occurred while handling results
### SQL: select * from exam_paper_release where exam_paper_release_id = ?
### Cause: java.lang.IllegalArgumentException: Mapped Statements collection does not contain value for com.smileshark.mapper.ExamPaperMapper.selectExamPaperReleaseByExamPaperReleaseIdToExam
2025-03-15 15:11:51.051  INFO 5796 --- [exam-system] [http-nio-8080-exec-2] com.smileshark.filter.ControllerFilter   : 请求的url为：http://localhost:8080/student/exam/selectExamPaperAllocationByExamPaperAllocationId
2025-03-15 15:11:51.055  INFO 5796 --- [exam-system] [pool-3-thread-1] com.smileshark.asp.ServiceAsp            : 完整试卷状态执行完毕。
2025-03-15 15:11:51.055 ERROR 5796 --- [exam-system] [http-nio-8080-exec-2] com.smileshark.asp.ServiceAsp            : 
### Error querying database.  Cause: java.lang.IllegalArgumentException: Mapped Statements collection does not contain value for com.smileshark.mapper.ExamPaperMapper.selectExamPaperReleaseByExamPaperReleaseIdToExam
### The error may exist in com/smileshark/mapper/ExamPaperReleaseMapper.xml
### The error may involve com.smileshark.mapper.ExamPaperReleaseMapper.selectExamPaperReleaseByExamPaperReleaseIdToExam
### The error occurred while handling results
### SQL: select * from exam_paper_release where exam_paper_release_id = ?
### Cause: java.lang.IllegalArgumentException: Mapped Statements collection does not contain value for com.smileshark.mapper.ExamPaperMapper.selectExamPaperReleaseByExamPaperReleaseIdToExam
2025-03-15 15:14:49.565  INFO 5796 --- [exam-system] [SpringApplicationShutdownHook] o.s.b.w.e.tomcat.GracefulShutdown        : Commencing graceful shutdown. Waiting for active requests to complete
2025-03-15 15:14:49.569  INFO 5796 --- [exam-system] [tomcat-shutdown] o.s.b.w.e.tomcat.GracefulShutdown        : Graceful shutdown complete
2025-03-15 15:14:49.571  INFO 5796 --- [exam-system] [SpringApplicationShutdownHook] com.zaxxer.hikari.HikariDataSource       : HikariPool-1 - Shutdown initiated...
2025-03-15 15:14:49.575  INFO 5796 --- [exam-system] [SpringApplicationShutdownHook] com.zaxxer.hikari.HikariDataSource       : HikariPool-1 - Shutdown completed.
